<?xml version="1.0" encoding="UTF-8"?>
<testsuite name="com.example.expenseservice.entities.ExpenseTest" tests="2" skipped="0" failures="0" errors="0" timestamp="2026-06-19T13:15:14" hostname="MacBook-Air-de-Oumou.local" time="0.001">
  <properties/>
  <testcase name="testExpenseSetters()" classname="com.example.expenseservice.entities.ExpenseTest" time="0.0"/>
  <testcase name="testExpenseConstructor()" classname="com.example.expenseservice.entities.ExpenseTest" time="0.0"/>
  <system-out><![CDATA[]]></system-out>
  <system-err><![CDATA[]]></system-err>
</testsuite>
