<?xml version="1.0" encoding="UTF-8"?>
<testsuite name="com.example.expenseservice.controllers.ExpenseControllerTest" tests="6" skipped="0" failures="0" errors="0" timestamp="2026-06-19T13:15:13" hostname="MacBook-Air-de-Oumou.local" time="0.721">
  <properties/>
  <testcase name="testGetExpenses()" classname="com.example.expenseservice.controllers.ExpenseControllerTest" time="0.567"/>
  <testcase name="testGetTotalByDestination()" classname="com.example.expenseservice.controllers.ExpenseControllerTest" time="0.041"/>
  <testcase name="testAddExpense()" classname="com.example.expenseservice.controllers.ExpenseControllerTest" time="0.084"/>
  <testcase name="testDeleteExpense()" classname="com.example.expenseservice.controllers.ExpenseControllerTest" time="0.014"/>
  <testcase name="testGetExpensesByDestination()" classname="com.example.expenseservice.controllers.ExpenseControllerTest" time="0.005"/>
  <testcase name="testGetExpenseById()" classname="com.example.expenseservice.controllers.ExpenseControllerTest" time="0.006"/>
  <system-out><![CDATA[15:15:10.072 [Test worker] INFO org.springframework.test.context.support.AnnotationConfigContextLoaderUtils -- Could not detect default configuration classes for test class [com.example.expenseservice.controllers.ExpenseControllerTest]: ExpenseControllerTest does not declare any static, non-private, non-final, nested classes annotated with @Configuration.
15:15:10.185 [Test worker] INFO org.springframework.boot.test.context.SpringBootTestContextBootstrapper -- Found @SpringBootConfiguration com.example.expenseservice.ExpenseServiceApplication for test class com.example.expenseservice.controllers.ExpenseControllerTest

  .   ____          _            __ _ _
 /\\ / ___'_ __ _ _(_)_ __  __ _ \ \ \ \
( ( )\___ | '_ | '_| | '_ \/ _` | \ \ \ \
 \\/  ___)| |_)| | | | | || (_| |  ) ) ) )
  '  |____| .__|_| |_|_| |_\__, | / / / /
 =========|_|==============|___/=/_/_/_/
 :: Spring Boot ::                (v3.2.0)

2026-06-19T15:15:10.501+02:00  INFO 88041 --- [    Test worker] c.e.e.controllers.ExpenseControllerTest  : Starting ExpenseControllerTest using Java 21.0.10 with PID 88041 (started by oumou in /Users/oumou/Desktop/Devops/travel-expense-tracker/ExpenseService)
2026-06-19T15:15:10.502+02:00  INFO 88041 --- [    Test worker] c.e.e.controllers.ExpenseControllerTest  : No active profile set, falling back to 1 default profile: "default"
2026-06-19T15:15:10.962+02:00  INFO 88041 --- [    Test worker] .s.d.r.c.RepositoryConfigurationDelegate : Bootstrapping Spring Data JPA repositories in DEFAULT mode.
2026-06-19T15:15:11.006+02:00  INFO 88041 --- [    Test worker] .s.d.r.c.RepositoryConfigurationDelegate : Finished Spring Data repository scanning in 37 ms. Found 1 JPA repository interface.
2026-06-19T15:15:11.327+02:00  INFO 88041 --- [    Test worker] o.hibernate.jpa.internal.util.LogHelper  : HHH000204: Processing PersistenceUnitInfo [name: default]
2026-06-19T15:15:11.392+02:00  INFO 88041 --- [    Test worker] org.hibernate.Version                    : HHH000412: Hibernate ORM core version 6.3.1.Final
2026-06-19T15:15:11.423+02:00  INFO 88041 --- [    Test worker] o.h.c.internal.RegionFactoryInitiator    : HHH000026: Second-level cache disabled
2026-06-19T15:15:11.637+02:00  INFO 88041 --- [    Test worker] o.s.o.j.p.SpringPersistenceUnitInfo      : No LoadTimeWeaver setup: ignoring JPA class transformer
2026-06-19T15:15:11.662+02:00  INFO 88041 --- [    Test worker] com.zaxxer.hikari.HikariDataSource       : HikariPool-1 - Starting...
2026-06-19T15:15:11.920+02:00  INFO 88041 --- [    Test worker] com.zaxxer.hikari.pool.HikariPool        : HikariPool-1 - Added connection conn0: url=jdbc:h2:mem:expensedb user=SA
2026-06-19T15:15:11.921+02:00  INFO 88041 --- [    Test worker] com.zaxxer.hikari.HikariDataSource       : HikariPool-1 - Start completed.
2026-06-19T15:15:12.670+02:00  INFO 88041 --- [    Test worker] o.h.e.t.j.p.i.JtaPlatformInitiator       : HHH000489: No JTA platform available (set 'hibernate.transaction.jta.platform' to enable JTA platform integration)
Hibernate: create table expense (id integer generated by default as identity, categorie varchar(255), description varchar(255), destination_id integer not null, montant float(53) not null, primary key (id))
2026-06-19T15:15:12.727+02:00  INFO 88041 --- [    Test worker] j.LocalContainerEntityManagerFactoryBean : Initialized JPA EntityManagerFactory for persistence unit 'default'
2026-06-19T15:15:13.063+02:00  WARN 88041 --- [    Test worker] JpaBaseConfiguration$JpaWebConfiguration : spring.jpa.open-in-view is enabled by default. Therefore, database queries may be performed during view rendering. Explicitly configure spring.jpa.open-in-view to disable this warning
2026-06-19T15:15:13.314+02:00  INFO 88041 --- [    Test worker] c.e.e.controllers.ExpenseControllerTest  : Started ExpenseControllerTest in 2.999 seconds (process running for 4.129)
2026-06-19T15:15:13.730+02:00  INFO 88041 --- [    Test worker] o.s.b.t.m.w.SpringBootMockServletContext : Initializing Spring TestDispatcherServlet ''
2026-06-19T15:15:13.730+02:00  INFO 88041 --- [    Test worker] o.s.t.web.servlet.TestDispatcherServlet  : Initializing Servlet ''
2026-06-19T15:15:13.731+02:00  INFO 88041 --- [    Test worker] o.s.t.web.servlet.TestDispatcherServlet  : Completed initialization in 1 ms
Hibernate: select e1_0.id,e1_0.categorie,e1_0.description,e1_0.destination_id,e1_0.montant from expense e1_0
2026-06-19T15:15:13.896+02:00  INFO 88041 --- [    Test worker] o.s.b.t.m.w.SpringBootMockServletContext : Initializing Spring TestDispatcherServlet ''
2026-06-19T15:15:13.897+02:00  INFO 88041 --- [    Test worker] o.s.t.web.servlet.TestDispatcherServlet  : Initializing Servlet ''
2026-06-19T15:15:13.897+02:00  INFO 88041 --- [    Test worker] o.s.t.web.servlet.TestDispatcherServlet  : Completed initialization in 0 ms
Hibernate: select e1_0.id,e1_0.categorie,e1_0.description,e1_0.destination_id,e1_0.montant from expense e1_0 where e1_0.destination_id=?
2026-06-19T15:15:13.938+02:00  INFO 88041 --- [    Test worker] o.s.b.t.m.w.SpringBootMockServletContext : Initializing Spring TestDispatcherServlet ''
2026-06-19T15:15:13.938+02:00  INFO 88041 --- [    Test worker] o.s.t.web.servlet.TestDispatcherServlet  : Initializing Servlet ''
2026-06-19T15:15:13.938+02:00  INFO 88041 --- [    Test worker] o.s.t.web.servlet.TestDispatcherServlet  : Completed initialization in 0 ms
Hibernate: select e1_0.id,e1_0.categorie,e1_0.description,e1_0.destination_id,e1_0.montant from expense e1_0 where e1_0.id=?
Hibernate: insert into expense (categorie,description,destination_id,montant,id) values (?,?,?,?,default)
2026-06-19T15:15:14.022+02:00  INFO 88041 --- [    Test worker] o.s.b.t.m.w.SpringBootMockServletContext : Initializing Spring TestDispatcherServlet ''
2026-06-19T15:15:14.022+02:00  INFO 88041 --- [    Test worker] o.s.t.web.servlet.TestDispatcherServlet  : Initializing Servlet ''
2026-06-19T15:15:14.022+02:00  INFO 88041 --- [    Test worker] o.s.t.web.servlet.TestDispatcherServlet  : Completed initialization in 0 ms
Hibernate: select e1_0.id,e1_0.categorie,e1_0.description,e1_0.destination_id,e1_0.montant from expense e1_0 where e1_0.id=?
Hibernate: delete from expense where id=?
2026-06-19T15:15:14.037+02:00  INFO 88041 --- [    Test worker] o.s.b.t.m.w.SpringBootMockServletContext : Initializing Spring TestDispatcherServlet ''
2026-06-19T15:15:14.038+02:00  INFO 88041 --- [    Test worker] o.s.t.web.servlet.TestDispatcherServlet  : Initializing Servlet ''
2026-06-19T15:15:14.038+02:00  INFO 88041 --- [    Test worker] o.s.t.web.servlet.TestDispatcherServlet  : Completed initialization in 0 ms
Hibernate: select e1_0.id,e1_0.categorie,e1_0.description,e1_0.destination_id,e1_0.montant from expense e1_0 where e1_0.destination_id=?
2026-06-19T15:15:14.043+02:00  INFO 88041 --- [    Test worker] o.s.b.t.m.w.SpringBootMockServletContext : Initializing Spring TestDispatcherServlet ''
2026-06-19T15:15:14.044+02:00  INFO 88041 --- [    Test worker] o.s.t.web.servlet.TestDispatcherServlet  : Initializing Servlet ''
2026-06-19T15:15:14.044+02:00  INFO 88041 --- [    Test worker] o.s.t.web.servlet.TestDispatcherServlet  : Completed initialization in 0 ms
Hibernate: select e1_0.id,e1_0.categorie,e1_0.description,e1_0.destination_id,e1_0.montant from expense e1_0 where e1_0.id=?
]]></system-out>
  <system-err><![CDATA[WARNING: A Java agent has been loaded dynamically (/Users/oumou/.gradle/caches/modules-2/files-2.1/net.bytebuddy/byte-buddy-agent/1.14.10/90ed94ac044ea8953b224304c762316e91fd6b31/byte-buddy-agent-1.14.10.jar)
WARNING: If a serviceability tool is in use, please run with -XX:+EnableDynamicAgentLoading to hide this warning
WARNING: If a serviceability tool is not in use, please run with -Djdk.instrument.traceUsage for more information
WARNING: Dynamic loading of agents will be disallowed by default in a future release
]]></system-err>
</testsuite>
